ERROR - 2023-09-22 07:06:03 --> Error connecting to the database: mysqli_sql_exception: No connection could be made because the target machine actively refused it in C:\laragon\www\AppDev\system\Database\MySQLi\Connection.php:185
Stack trace:
#0 C:\laragon\www\AppDev\system\Database\MySQLi\Connection.php(185): mysqli->real_connect('localhost', 'root', '', 'ecommerce', 3306, '', 0)
#1 C:\laragon\www\AppDev\system\Database\BaseConnection.php(391): CodeIgniter\Database\MySQLi\Connection->connect(false)
#2 C:\laragon\www\AppDev\system\Database\BaseConnection.php(574): CodeIgniter\Database\BaseConnection->initialize()
#3 C:\laragon\www\AppDev\system\Database\BaseBuilder.php(1615): CodeIgniter\Database\BaseConnection->query('SELECT *\nFROM `...', Array, false)
#4 C:\laragon\www\AppDev\system\Model.php(237): CodeIgniter\Database\BaseBuilder->get()
#5 C:\laragon\www\AppDev\system\BaseModel.php(624): CodeIgniter\Model->doFindAll(0, 0)
#6 C:\laragon\www\AppDev\app\Controllers\ProductController.php(44): CodeIgniter\BaseModel->findAll()
#7 C:\laragon\www\AppDev\system\CodeIgniter.php(919): App\Controllers\ProductController->main()
#8 C:\laragon\www\AppDev\system\CodeIgniter.php(494): CodeIgniter\CodeIgniter->runController(Object(App\Controllers\ProductController))
#9 C:\laragon\www\AppDev\system\CodeIgniter.php(353): CodeIgniter\CodeIgniter->handleRequest(NULL, Object(Config\Cache), false)
#10 C:\laragon\www\AppDev\public\index.php(79): CodeIgniter\CodeIgniter->run()
#11 C:\laragon\www\AppDev\system\Commands\Server\rewrite.php(47): require_once('C:\\laragon\\www\\...')
#12 {main}

Next CodeIgniter\Database\Exceptions\DatabaseException: No connection could be made because the target machine actively refused it in C:\laragon\www\AppDev\system\Database\MySQLi\Connection.php:229
Stack trace:
#0 C:\laragon\www\AppDev\system\Database\BaseConnection.php(391): CodeIgniter\Database\MySQLi\Connection->connect(false)
#1 C:\laragon\www\AppDev\system\Database\BaseConnection.php(574): CodeIgniter\Database\BaseConnection->initialize()
#2 C:\laragon\www\AppDev\system\Database\BaseBuilder.php(1615): CodeIgniter\Database\BaseConnection->query('SELECT *\nFROM `...', Array, false)
#3 C:\laragon\www\AppDev\system\Model.php(237): CodeIgniter\Database\BaseBuilder->get()
#4 C:\laragon\www\AppDev\system\BaseModel.php(624): CodeIgniter\Model->doFindAll(0, 0)
#5 C:\laragon\www\AppDev\app\Controllers\ProductController.php(44): CodeIgniter\BaseModel->findAll()
#6 C:\laragon\www\AppDev\system\CodeIgniter.php(919): App\Controllers\ProductController->main()
#7 C:\laragon\www\AppDev\system\CodeIgniter.php(494): CodeIgniter\CodeIgniter->runController(Object(App\Controllers\ProductController))
#8 C:\laragon\www\AppDev\system\CodeIgniter.php(353): CodeIgniter\CodeIgniter->handleRequest(NULL, Object(Config\Cache), false)
#9 C:\laragon\www\AppDev\public\index.php(79): CodeIgniter\CodeIgniter->run()
#10 C:\laragon\www\AppDev\system\Commands\Server\rewrite.php(47): require_once('C:\\laragon\\www\\...')
#11 {main}
CRITICAL - 2023-09-22 07:06:03 --> Unable to connect to the database.
Main connection [MySQLi]: No connection could be made because the target machine actively refused it
in SYSTEMPATH\Database\BaseConnection.php on line 427.
 1 SYSTEMPATH\Database\BaseConnection.php(574): CodeIgniter\Database\BaseConnection->initialize()
 2 SYSTEMPATH\Database\BaseBuilder.php(1615): CodeIgniter\Database\BaseConnection->query('SELECT *
FROM `products`', [], false)
 3 SYSTEMPATH\Model.php(237): CodeIgniter\Database\BaseBuilder->get()
 4 SYSTEMPATH\BaseModel.php(624): CodeIgniter\Model->doFindAll(0, 0)
 5 APPPATH\Controllers\ProductController.php(44): CodeIgniter\BaseModel->findAll()
 6 SYSTEMPATH\CodeIgniter.php(919): App\Controllers\ProductController->main()
 7 SYSTEMPATH\CodeIgniter.php(494): CodeIgniter\CodeIgniter->runController(Object(App\Controllers\ProductController))
 8 SYSTEMPATH\CodeIgniter.php(353): CodeIgniter\CodeIgniter->handleRequest(null, Object(Config\Cache), false)
 9 FCPATH\index.php(79): CodeIgniter\CodeIgniter->run()
10 SYSTEMPATH\Commands\Server\rewrite.php(47): require_once('C:\\laragon\\www\\AppDev\\public\\index.php')
CRITICAL - 2023-09-22 07:30:18 --> Undefined variable $POST
in APPPATH\Controllers\ProductController.php on line 36.
 1 APPPATH\Controllers\ProductController.php(36): CodeIgniter\Debug\Exceptions->errorHandler(2, 'Undefined variable $POST', 'C:\\laragon\\www\\AppDev\\app\\Controllers\\ProductController.php', 36)
 2 SYSTEMPATH\CodeIgniter.php(919): App\Controllers\ProductController->save()
 3 SYSTEMPATH\CodeIgniter.php(494): CodeIgniter\CodeIgniter->runController(Object(App\Controllers\ProductController))
 4 SYSTEMPATH\CodeIgniter.php(353): CodeIgniter\CodeIgniter->handleRequest(null, Object(Config\Cache), false)
 5 FCPATH\index.php(79): CodeIgniter\CodeIgniter->run()
 6 SYSTEMPATH\Commands\Server\rewrite.php(47): require_once('C:\\laragon\\www\\AppDev\\public\\index.php')
ERROR - 2023-09-22 11:18:15 --> mysqli_sql_exception: Table 'products.products' doesn't exist in C:\laragon\www\AppDev\system\Database\MySQLi\Connection.php:306
Stack trace:
#0 C:\laragon\www\AppDev\system\Database\MySQLi\Connection.php(306): mysqli->query('SELECT *\nFROM `...', 0)
#1 C:\laragon\www\AppDev\system\Database\BaseConnection.php(692): CodeIgniter\Database\MySQLi\Connection->execute('SELECT *\nFROM `...')
#2 C:\laragon\www\AppDev\system\Database\BaseConnection.php(606): CodeIgniter\Database\BaseConnection->simpleQuery('SELECT *\nFROM `...')
#3 C:\laragon\www\AppDev\system\Database\BaseBuilder.php(1615): CodeIgniter\Database\BaseConnection->query('SELECT *\nFROM `...', Array, false)
#4 C:\laragon\www\AppDev\system\Model.php(237): CodeIgniter\Database\BaseBuilder->get()
#5 C:\laragon\www\AppDev\system\BaseModel.php(624): CodeIgniter\Model->doFindAll(0, 0)
#6 C:\laragon\www\AppDev\app\Controllers\ProductController.php(52): CodeIgniter\BaseModel->findAll()
#7 C:\laragon\www\AppDev\system\CodeIgniter.php(919): App\Controllers\ProductController->main()
#8 C:\laragon\www\AppDev\system\CodeIgniter.php(494): CodeIgniter\CodeIgniter->runController(Object(App\Controllers\ProductController))
#9 C:\laragon\www\AppDev\system\CodeIgniter.php(353): CodeIgniter\CodeIgniter->handleRequest(NULL, Object(Config\Cache), false)
#10 C:\laragon\www\AppDev\public\index.php(79): CodeIgniter\CodeIgniter->run()
#11 C:\laragon\www\AppDev\system\Commands\Server\rewrite.php(47): require_once('C:\\laragon\\www\\...')
#12 {main}
CRITICAL - 2023-09-22 11:18:15 --> Table 'products.products' doesn't exist
in SYSTEMPATH\Database\BaseConnection.php on line 646.
 1 SYSTEMPATH\Database\BaseBuilder.php(1615): CodeIgniter\Database\BaseConnection->query('SELECT *
FROM `products`', [], false)
 2 SYSTEMPATH\Model.php(237): CodeIgniter\Database\BaseBuilder->get()
 3 SYSTEMPATH\BaseModel.php(624): CodeIgniter\Model->doFindAll(0, 0)
 4 APPPATH\Controllers\ProductController.php(52): CodeIgniter\BaseModel->findAll()
 5 SYSTEMPATH\CodeIgniter.php(919): App\Controllers\ProductController->main()
 6 SYSTEMPATH\CodeIgniter.php(494): CodeIgniter\CodeIgniter->runController(Object(App\Controllers\ProductController))
 7 SYSTEMPATH\CodeIgniter.php(353): CodeIgniter\CodeIgniter->handleRequest(null, Object(Config\Cache), false)
 8 FCPATH\index.php(79): CodeIgniter\CodeIgniter->run()
 9 SYSTEMPATH\Commands\Server\rewrite.php(47): require_once('C:\\laragon\\www\\AppDev\\public\\index.php')
ERROR - 2023-09-22 11:23:53 --> mysqli_sql_exception: Table 'products.products' doesn't exist in C:\laragon\www\AppDev\system\Database\MySQLi\Connection.php:306
Stack trace:
#0 C:\laragon\www\AppDev\system\Database\MySQLi\Connection.php(306): mysqli->query('SELECT *\nFROM `...', 0)
#1 C:\laragon\www\AppDev\system\Database\BaseConnection.php(692): CodeIgniter\Database\MySQLi\Connection->execute('SELECT *\nFROM `...')
#2 C:\laragon\www\AppDev\system\Database\BaseConnection.php(606): CodeIgniter\Database\BaseConnection->simpleQuery('SELECT *\nFROM `...')
#3 C:\laragon\www\AppDev\system\Database\BaseBuilder.php(1615): CodeIgniter\Database\BaseConnection->query('SELECT *\nFROM `...', Array, false)
#4 C:\laragon\www\AppDev\system\Model.php(237): CodeIgniter\Database\BaseBuilder->get()
#5 C:\laragon\www\AppDev\system\BaseModel.php(624): CodeIgniter\Model->doFindAll(0, 0)
#6 C:\laragon\www\AppDev\app\Controllers\ProductController.php(52): CodeIgniter\BaseModel->findAll()
#7 C:\laragon\www\AppDev\system\CodeIgniter.php(919): App\Controllers\ProductController->main()
#8 C:\laragon\www\AppDev\system\CodeIgniter.php(494): CodeIgniter\CodeIgniter->runController(Object(App\Controllers\ProductController))
#9 C:\laragon\www\AppDev\system\CodeIgniter.php(353): CodeIgniter\CodeIgniter->handleRequest(NULL, Object(Config\Cache), false)
#10 C:\laragon\www\AppDev\public\index.php(79): CodeIgniter\CodeIgniter->run()
#11 C:\laragon\www\AppDev\system\Commands\Server\rewrite.php(47): require_once('C:\\laragon\\www\\...')
#12 {main}
CRITICAL - 2023-09-22 11:23:53 --> Table 'products.products' doesn't exist
in SYSTEMPATH\Database\BaseConnection.php on line 646.
 1 SYSTEMPATH\Database\BaseBuilder.php(1615): CodeIgniter\Database\BaseConnection->query('SELECT *
FROM `products`', [], false)
 2 SYSTEMPATH\Model.php(237): CodeIgniter\Database\BaseBuilder->get()
 3 SYSTEMPATH\BaseModel.php(624): CodeIgniter\Model->doFindAll(0, 0)
 4 APPPATH\Controllers\ProductController.php(52): CodeIgniter\BaseModel->findAll()
 5 SYSTEMPATH\CodeIgniter.php(919): App\Controllers\ProductController->main()
 6 SYSTEMPATH\CodeIgniter.php(494): CodeIgniter\CodeIgniter->runController(Object(App\Controllers\ProductController))
 7 SYSTEMPATH\CodeIgniter.php(353): CodeIgniter\CodeIgniter->handleRequest(null, Object(Config\Cache), false)
 8 FCPATH\index.php(79): CodeIgniter\CodeIgniter->run()
 9 SYSTEMPATH\Commands\Server\rewrite.php(47): require_once('C:\\laragon\\www\\AppDev\\public\\index.php')
ERROR - 2023-09-22 11:23:56 --> mysqli_sql_exception: Table 'products.products' doesn't exist in C:\laragon\www\AppDev\system\Database\MySQLi\Connection.php:306
Stack trace:
#0 C:\laragon\www\AppDev\system\Database\MySQLi\Connection.php(306): mysqli->query('SELECT *\nFROM `...', 0)
#1 C:\laragon\www\AppDev\system\Database\BaseConnection.php(692): CodeIgniter\Database\MySQLi\Connection->execute('SELECT *\nFROM `...')
#2 C:\laragon\www\AppDev\system\Database\BaseConnection.php(606): CodeIgniter\Database\BaseConnection->simpleQuery('SELECT *\nFROM `...')
#3 C:\laragon\www\AppDev\system\Database\BaseBuilder.php(1615): CodeIgniter\Database\BaseConnection->query('SELECT *\nFROM `...', Array, false)
#4 C:\laragon\www\AppDev\system\Model.php(237): CodeIgniter\Database\BaseBuilder->get()
#5 C:\laragon\www\AppDev\system\BaseModel.php(624): CodeIgniter\Model->doFindAll(0, 0)
#6 C:\laragon\www\AppDev\app\Controllers\ProductController.php(52): CodeIgniter\BaseModel->findAll()
#7 C:\laragon\www\AppDev\system\CodeIgniter.php(919): App\Controllers\ProductController->main()
#8 C:\laragon\www\AppDev\system\CodeIgniter.php(494): CodeIgniter\CodeIgniter->runController(Object(App\Controllers\ProductController))
#9 C:\laragon\www\AppDev\system\CodeIgniter.php(353): CodeIgniter\CodeIgniter->handleRequest(NULL, Object(Config\Cache), false)
#10 C:\laragon\www\AppDev\public\index.php(79): CodeIgniter\CodeIgniter->run()
#11 C:\laragon\www\AppDev\system\Commands\Server\rewrite.php(47): require_once('C:\\laragon\\www\\...')
#12 {main}
CRITICAL - 2023-09-22 11:23:56 --> Table 'products.products' doesn't exist
in SYSTEMPATH\Database\BaseConnection.php on line 646.
 1 SYSTEMPATH\Database\BaseBuilder.php(1615): CodeIgniter\Database\BaseConnection->query('SELECT *
FROM `products`', [], false)
 2 SYSTEMPATH\Model.php(237): CodeIgniter\Database\BaseBuilder->get()
 3 SYSTEMPATH\BaseModel.php(624): CodeIgniter\Model->doFindAll(0, 0)
 4 APPPATH\Controllers\ProductController.php(52): CodeIgniter\BaseModel->findAll()
 5 SYSTEMPATH\CodeIgniter.php(919): App\Controllers\ProductController->main()
 6 SYSTEMPATH\CodeIgniter.php(494): CodeIgniter\CodeIgniter->runController(Object(App\Controllers\ProductController))
 7 SYSTEMPATH\CodeIgniter.php(353): CodeIgniter\CodeIgniter->handleRequest(null, Object(Config\Cache), false)
 8 FCPATH\index.php(79): CodeIgniter\CodeIgniter->run()
 9 SYSTEMPATH\Commands\Server\rewrite.php(47): require_once('C:\\laragon\\www\\AppDev\\public\\index.php')
